#
# There is insufficient memory for the Java Runtime Environment to continue.
# Native memory allocation (malloc) failed to allocate 1046968 bytes for Chunk::new
# Possible reasons:
#   The system is out of physical RAM or swap space
#   In 32 bit mode, the process size limit was hit
# Possible solutions:
#   Reduce memory load on the system
#   Increase physical memory or swap space
#   Check if swap backing store is full
#   Use 64 bit Java on a 64 bit OS
#   Decrease Java heap size (-Xmx/-Xms)
#   Decrease number of Java threads
#   Decrease Java thread stack sizes (-Xss)
#   Set larger code cache with -XX:ReservedCodeCacheSize=
# This output file may be truncated or incomplete.
#
#  Out of Memory Error (allocation.cpp:390), pid=2096, tid=0x00000b04
#
# JRE version: OpenJDK Runtime Environment (8.0_152-b01) (build 1.8.0_152-release-915-b01)
# Java VM: OpenJDK Server VM (25.152-b01 mixed mode windows-x86 )
# Failed to write core dump. Minidumps are not enabled by default on client versions of Windows
#

---------------  T H R E A D  ---------------

Current thread (0x7287b400):  JavaThread "C2 CompilerThread0" daemon [_thread_in_native, id=2820, stack(0x72d60000,0x72db0000)]

Stack: [0x72d60000,0x72db0000],  sp=0x72dae3ec,  free space=312k
Native frames: (J=compiled Java code, j=interpreted, Vv=VM code, C=native code)
V  [jvm.dll+0x1a396b]
V  [jvm.dll+0x19c1a8]
V  [jvm.dll+0x7ca81]
V  [jvm.dll+0x7cfa7]
V  [jvm.dll+0x31ce46]
V  [jvm.dll+0x2f3e72]
V  [jvm.dll+0x2fc757]
V  [jvm.dll+0x2fde9b]
V  [jvm.dll+0x2e76d6]
V  [jvm.dll+0x60094]
V  [jvm.dll+0x6081f]
V  [jvm.dll+0x176bc0]
V  [jvm.dll+0x1773fb]
V  [jvm.dll+0x1b6616]
C  [msvcr100.dll+0x5c556]
C  [msvcr100.dll+0x5c600]
C  [kernel32.dll+0x133ca]
C  [ntdll.dll+0x39ed2]
C  [ntdll.dll+0x39ea5]
C  0x00000000


Current CompileTask:
C2:  23664 5976       4       org.gradle.model.internal.type.ModelType::wrap (219 bytes)


---------------  P R O C E S S  ---------------

Java Threads: ( => current thread )
  0x7b5ebc00 JavaThread "Memory manager" [_thread_blocked, id=1924, stack(0x7d480000,0x7d4d0000)]
  0x7b5eb000 JavaThread "build operations Thread 2" [_thread_blocked, id=644, stack(0x7d330000,0x7d380000)]
  0x7b5ea800 JavaThread "build operations" [_thread_blocked, id=2392, stack(0x7d280000,0x7d2d0000)]
  0x7b5e9c00 JavaThread "Cache worker for Artifact transforms cache (C:\Users\Ajay\.gradle\caches\transforms-1)" [_thread_blocked, id=2240, stack(0x76cb0000,0x76d00000)]
  0x7b5e9000 JavaThread "Cache worker for file hash cache (C:\Users\Ajay\AndroidStudioProjects\OnlineShopping\.gradle\4.1\fileHashes)" [_thread_blocked, id=2696, stack(0x76a60000,0x76ab0000)]
  0x7b2c6000 JavaThread "File lock request listener" [_thread_in_native, id=1208, stack(0x75bc0000,0x75c10000)]
  0x7b2fd000 JavaThread "Cache worker for file hash cache (C:\Users\Ajay\.gradle\caches\4.1\fileHashes)" [_thread_blocked, id=428, stack(0x75430000,0x75480000)]
  0x7b18d400 JavaThread "Stdin handler" [_thread_blocked, id=536, stack(0x75280000,0x752d0000)]
  0x7b18bc00 JavaThread "Asynchronous log dispatcher for DefaultDaemonConnection: socket connection from /127.0.0.1:49205 to /127.0.0.1:49206" [_thread_blocked, id=1996, stack(0x751c0000,0x75210000)]
  0x7b180400 JavaThread "Daemon worker" [_thread_in_vm_trans, id=984, stack(0x750a0000,0x750f0000)]
  0x7b17b000 JavaThread "Cancel handler" [_thread_blocked, id=2980, stack(0x74f60000,0x74fb0000)]
  0x7b168400 JavaThread "Handler for socket connection from /127.0.0.1:49205 to /127.0.0.1:49206" [_thread_in_native, id=2268, stack(0x74f10000,0x74f60000)]
  0x7b14d400 JavaThread "Daemon" [_thread_blocked, id=1284, stack(0x73f10000,0x73f60000)]
  0x7af19400 JavaThread "Daemon periodic checks" [_thread_blocked, id=2196, stack(0x72f10000,0x72f60000)]
  0x7af24800 JavaThread "Incoming local TCP Connector on port 49205" [_thread_in_native, id=2988, stack(0x73ec0000,0x73f10000)]
  0x728bd800 JavaThread "Service Thread" daemon [_thread_blocked, id=928, stack(0x73050000,0x730a0000)]
  0x7286e000 JavaThread "C1 CompilerThread1" daemon [_thread_blocked, id=1720, stack(0x72f90000,0x72fe0000)]
=>0x7287b400 JavaThread "C2 CompilerThread0" daemon [_thread_in_native, id=2820, stack(0x72d60000,0x72db0000)]
  0x7287a800 JavaThread "Attach Listener" daemon [_thread_blocked, id=688, stack(0x72a80000,0x72ad0000)]
  0x72879000 JavaThread "Signal Dispatcher" daemon [_thread_blocked, id=1312, stack(0x72cd0000,0x72d20000)]
  0x7285c400 JavaThread "Finalizer" daemon [_thread_blocked, id=1320, stack(0x72b20000,0x72b70000)]
  0x72835400 JavaThread "Reference Handler" daemon [_thread_blocked, id=920, stack(0x72970000,0x729c0000)]
  0x0042c800 JavaThread "main" [_thread_blocked, id=964, stack(0x00450000,0x004a0000)]

Other Threads:
  0x72828000 VMThread [stack: 0x00b30000,0x00b80000] [id=3040]
  0x728be000 WatcherThread [stack: 0x72be0000,0x72c30000] [id=2340]

VM state:not at safepoint (normal execution)

VM Mutex/Monitor currently owned by a thread:  ([mutex/lock_event])
[0x0042ae90] CompiledIC_lock - owner thread: 0x00000000

Heap:
 PSYoungGen      total 252928K, used 34459K [0x51a00000, 0x62300000, 0x71a00000)
  eden space 241408K, 9% used [0x51a00000,0x5309ff58,0x605c0000)
  from space 11520K, 98% used [0x617c0000,0x622c7020,0x62300000)
  to   space 13824K, 0% used [0x60800000,0x60800000,0x61580000)
 ParOldGen       total 48384K, used 23148K [0x11a00000, 0x14940000, 0x51a00000)
  object space 48384K, 47% used [0x11a00000,0x1309b3b0,0x14940000)
 Metaspace       used 35414K, capacity 36372K, committed 36480K, reserved 37248K

Card table byte_map: [0x71a00000,0x71d10000] byte_map_base: 0x71973000

Marking Bits: (ParMarkBitMap*) 0x73971048
 Begin Bits: [0x77e80000, 0x79680000)
 End Bits:   [0x79680000, 0x7ae80000)

Polling page: 0x00100000

CodeCache: size=245760Kb used=15716Kb max_used=15716Kb free=230043Kb
 bounds [0x025b0000, 0x03510000, 0x115b0000]
 total_blobs=6277 nmethods=5818 adapters=373
 compilation: enabled

Compilation events (10 events):
Event: 23.635 Thread 0x7286e000 6277       1       org.gradle.api.internal.artifacts.ivyservice.resolveengine.result.DefaultDependencyResult::getSelected (5 bytes)
Event: 23.635 Thread 0x7286e000 nmethod 6277 0x0350dfc8 code [0x0350e0c0, 0x0350e160]
Event: 23.635 Thread 0x7286e000 6278       1       org.gradle.api.internal.artifacts.ivyservice.resolveengine.result.DefaultDependencyResult::getRequested (5 bytes)
Event: 23.635 Thread 0x7286e000 nmethod 6278 0x0350e1c8 code [0x0350e2c0, 0x0350e360]
Event: 23.636 Thread 0x7286e000 6279       2       com.google.common.cache.LocalCache$NullEntry::setNextInAccessQueue (1 bytes)
Event: 23.636 Thread 0x7286e000 nmethod 6279 0x0350e3c8 code [0x0350e4c0, 0x0350e580]
Event: 23.636 Thread 0x7286e000 6280       2       com.google.common.cache.LocalCache$NullEntry::setPreviousInAccessQueue (1 bytes)
Event: 23.636 Thread 0x7286e000 nmethod 6280 0x0350e608 code [0x0350e700, 0x0350e7c0]
Event: 23.639 Thread 0x7286e000 6281       2       groovyjarjarasm.asm.ClassWriter::newClass (9 bytes)
Event: 23.639 Thread 0x7286e000 nmethod 6281 0x0350e848 code [0x0350e960, 0x0350ea4c]

GC Heap History (10 events):
Event: 10.439 GC heap before
{Heap before GC invocations=10 (full 1):
 PSYoungGen      total 125952K, used 125910K [0x51a00000, 0x5a9c0000, 0x71a00000)
  eden space 118784K, 100% used [0x51a00000,0x58e00000,0x58e00000)
  from space 7168K, 99% used [0x5a2c0000,0x5a9b5850,0x5a9c0000)
  to   space 9984K, 0% used [0x59640000,0x59640000,0x5a000000)
 ParOldGen       total 37632K, used 12691K [0x11a00000, 0x13ec0000, 0x51a00000)
  object space 37632K, 33% used [0x11a00000,0x12664f90,0x13ec0000)
 Metaspace       used 25353K, capacity 25936K, committed 25984K, reserved 25984K
Event: 10.466 GC heap after
Heap after GC invocations=10 (full 1):
 PSYoungGen      total 137216K, used 9968K [0x51a00000, 0x5dcc0000, 0x71a00000)
  eden space 127232K, 0% used [0x51a00000,0x51a00000,0x59640000)
  from space 9984K, 99% used [0x59640000,0x59ffc070,0x5a000000)
  to   space 12544K, 0% used [0x5d080000,0x5d080000,0x5dcc0000)
 ParOldGen       total 37632K, used 15430K [0x11a00000, 0x13ec0000, 0x51a00000)
  object space 37632K, 41% used [0x11a00000,0x12911940,0x13ec0000)
 Metaspace       used 25353K, capacity 25936K, committed 25984K, reserved 25984K
}
Event: 11.168 GC heap before
{Heap before GC invocations=11 (full 1):
 PSYoungGen      total 137216K, used 48237K [0x51a00000, 0x5dcc0000, 0x71a00000)
  eden space 127232K, 30% used [0x51a00000,0x53f5f4a8,0x59640000)
  from space 9984K, 99% used [0x59640000,0x59ffc070,0x5a000000)
  to   space 12544K, 0% used [0x5d080000,0x5d080000,0x5dcc0000)
 ParOldGen       total 37632K, used 15430K [0x11a00000, 0x13ec0000, 0x51a00000)
  object space 37632K, 41% used [0x11a00000,0x12911940,0x13ec0000)
 Metaspace       used 26707K, capacity 27260K, committed 27308K, reserved 28032K
Event: 11.282 GC heap after
Heap after GC invocations=11 (full 1):
 PSYoungGen      total 187392K, used 6788K [0x51a00000, 0x5ebc0000, 0x71a00000)
  eden space 174848K, 0% used [0x51a00000,0x51a00000,0x5c4c0000)
  from space 12544K, 54% used [0x5d080000,0x5d721390,0x5dcc0000)
  to   space 12032K, 0% used [0x5c4c0000,0x5c4c0000,0x5d080000)
 ParOldGen       total 37632K, used 18695K [0x11a00000, 0x13ec0000, 0x51a00000)
  object space 37632K, 49% used [0x11a00000,0x12c41e70,0x13ec0000)
 Metaspace       used 26707K, capacity 27260K, committed 27308K, reserved 28032K
}
Event: 11.282 GC heap before
{Heap before GC invocations=12 (full 2):
 PSYoungGen      total 187392K, used 6788K [0x51a00000, 0x5ebc0000, 0x71a00000)
  eden space 174848K, 0% used [0x51a00000,0x51a00000,0x5c4c0000)
  from space 12544K, 54% used [0x5d080000,0x5d721390,0x5dcc0000)
  to   space 12032K, 0% used [0x5c4c0000,0x5c4c0000,0x5d080000)
 ParOldGen       total 37632K, used 18695K [0x11a00000, 0x13ec0000, 0x51a00000)
  object space 37632K, 49% used [0x11a00000,0x12c41e70,0x13ec0000)
 Metaspace       used 26707K, capacity 27260K, committed 27308K, reserved 28032K
Event: 11.528 GC heap after
Heap after GC invocations=12 (full 2):
 PSYoungGen      total 187392K, used 0K [0x51a00000, 0x5ebc0000, 0x71a00000)
  eden space 174848K, 0% used [0x51a00000,0x51a00000,0x5c4c0000)
  from space 12544K, 0% used [0x5d080000,0x5d080000,0x5dcc0000)
  to   space 12032K, 0% used [0x5c4c0000,0x5c4c0000,0x5d080000)
 ParOldGen       total 48384K, used 17315K [0x11a00000, 0x14940000, 0x51a00000)
  object space 48384K, 35% used [0x11a00000,0x12ae8dc0,0x14940000)
 Metaspace       used 26707K, capacity 27260K, committed 27308K, reserved 28032K
}
Event: 17.844 GC heap before
{Heap before GC invocations=13 (full 2):
 PSYoungGen      total 187392K, used 174848K [0x51a00000, 0x5ebc0000, 0x71a00000)
  eden space 174848K, 100% used [0x51a00000,0x5c4c0000,0x5c4c0000)
  from space 12544K, 0% used [0x5d080000,0x5d080000,0x5dcc0000)
  to   space 12032K, 0% used [0x5c4c0000,0x5c4c0000,0x5d080000)
 ParOldGen       total 48384K, used 17315K [0x11a00000, 0x14940000, 0x51a00000)
  object space 48384K, 35% used [0x11a00000,0x12ae8dc0,0x14940000)
 Metaspace       used 31324K, capacity 31976K, committed 32000K, reserved 32128K
Event: 17.861 GC heap after
Heap after GC invocations=13 (full 2):
 PSYoungGen      total 186880K, used 8924K [0x51a00000, 0x62400000, 0x71a00000)
  eden space 174848K, 0% used [0x51a00000,0x51a00000,0x5c4c0000)
  from space 12032K, 74% used [0x5c4c0000,0x5cd770b8,0x5d080000)
  to   space 12544K, 0% used [0x617c0000,0x617c0000,0x62400000)
 ParOldGen       total 48384K, used 17319K [0x11a00000, 0x14940000, 0x51a00000)
  object space 48384K, 35% used [0x11a00000,0x12ae9dc0,0x14940000)
 Metaspace       used 31324K, capacity 31976K, committed 32000K, reserved 32128K
}
Event: 23.386 GC heap before
{Heap before GC invocations=14 (full 2):
 PSYoungGen      total 186880K, used 183772K [0x51a00000, 0x62400000, 0x71a00000)
  eden space 174848K, 100% used [0x51a00000,0x5c4c0000,0x5c4c0000)
  from space 12032K, 74% used [0x5c4c0000,0x5cd770b8,0x5d080000)
  to   space 12544K, 0% used [0x617c0000,0x617c0000,0x62400000)
 ParOldGen       total 48384K, used 17319K [0x11a00000, 0x14940000, 0x51a00000)
  object space 48384K, 35% used [0x11a00000,0x12ae9dc0,0x14940000)
 Metaspace       used 35201K, capacity 36137K, committed 36224K, reserved 36224K
Event: 23.429 GC heap after
Heap after GC invocations=14 (full 2):
 PSYoungGen      total 252928K, used 11292K [0x51a00000, 0x62300000, 0x71a00000)
  eden space 241408K, 0% used [0x51a00000,0x51a00000,0x605c0000)
  from space 11520K, 98% used [0x617c0000,0x622c7020,0x62300000)
  to   space 13824K, 0% used [0x60800000,0x60800000,0x61580000)
 ParOldGen       total 48384K, used 23148K [0x11a00000, 0x14940000, 0x51a00000)
  object space 48384K, 47% used [0x11a00000,0x1309b3b0,0x14940000)
 Metaspace       used 35201K, capacity 36137K, committed 36224K, reserved 36224K
}

Deoptimization events (10 events):
Event: 22.351 Thread 0x7b180400 Uncommon trap: reason=unstable_if action=reinterpret pc=0x030b9ef4 method=org.objectweb.asm.Type.getArgumentsAndReturnSizes(Ljava/lang/String;)I @ 47
Event: 22.683 Thread 0x7b180400 Uncommon trap: reason=unstable_if action=reinterpret pc=0x0319bb94 method=sun.nio.fs.WindowsPathParser.isLetter(C)Z @ 3
Event: 22.694 Thread 0x7b180400 Uncommon trap: reason=class_check action=maybe_recompile pc=0x028bc718 method=org.gradle.internal.logging.text.AbstractLineChoppingStyledTextOutput$StateContext.flushLineText()V @ 110
Event: 22.694 Thread 0x7b180400 Uncommon trap: reason=class_check action=maybe_recompile pc=0x028bc718 method=org.gradle.internal.logging.text.AbstractLineChoppingStyledTextOutput$StateContext.flushLineText()V @ 110
Event: 23.300 Thread 0x7b180400 Uncommon trap: reason=unstable_if action=reinterpret pc=0x02f74e8c method=java.lang.AbstractStringBuilder.append(I)Ljava/lang/AbstractStringBuilder; @ 16
Event: 23.301 Thread 0x7b180400 Uncommon trap: reason=unstable_if action=reinterpret pc=0x02be8190 method=java.lang.Integer.getChars(II[C)V @ 7
Event: 23.310 Thread 0x7b180400 Uncommon trap: reason=class_check action=maybe_recompile pc=0x030ae518 method=java.lang.Throwable.<init>(Ljava/lang/String;Ljava/lang/Throwable;)V @ 24
Event: 23.310 Thread 0x7b180400 Uncommon trap: reason=class_check action=maybe_recompile pc=0x030ae518 method=java.lang.Throwable.<init>(Ljava/lang/String;Ljava/lang/Throwable;)V @ 24
Event: 23.311 Thread 0x7b180400 Uncommon trap: reason=class_check action=maybe_recompile pc=0x030ae518 method=java.lang.Throwable.<init>(Ljava/lang/String;Ljava/lang/Throwable;)V @ 24
Event: 23.311 Thread 0x7b180400 Uncommon trap: reason=class_check action=maybe_recompile pc=0x030ae518 method=java.lang.Throwable.<init>(Ljava/lang/String;Ljava/lang/Throwable;)V @ 24

Classes redefined (0 events):
No events

Internal exceptions (10 events):
Event: 23.588 Thread 0x7b180400 Exception <a 'java/lang/ClassNotFoundException': com/google/common/collect/AbstractMultimap$ValuesBeanInfo> (0x52bc6770) thrown at [D:\src\AOSP-openjdk-cygwin\jdk8u\hotspot\src\share\vm\classfile\systemDictionary.cpp, line 210]
Event: 23.588 Thread 0x7b180400 Exception <a 'java/lang/ClassNotFoundException': com/google/common/collect/AbstractMultimap$ValuesCustomizer> (0x52bd3cd0) thrown at [D:\src\AOSP-openjdk-cygwin\jdk8u\hotspot\src\share\vm\classfile\systemDictionary.cpp, line 210]
Event: 23.599 Thread 0x7b180400 Exception <a 'java/lang/ClassNotFoundException': org/jetbrains/plugins/gradle/tooling/util/DependencyResolverImpl$DependencyResultsTransformerBeanInfo> (0x52c60100) thrown at [D:\src\AOSP-openjdk-cygwin\jdk8u\hotspot\src\share\vm\classfile\systemDictionar
Event: 23.599 Thread 0x7b180400 Exception <a 'java/lang/ClassNotFoundException': org/jetbrains/plugins/gradle/tooling/util/DependencyResolverImpl$DependencyResultsTransformerCustomizer> (0x52c722c0) thrown at [D:\src\AOSP-openjdk-cygwin\jdk8u\hotspot\src\share\vm\classfile\systemDiction
Event: 23.602 Thread 0x7b180400 Exception <a 'java/lang/ClassNotFoundException': com/google/common/collect/ListsBeanInfo> (0x52cc78d0) thrown at [D:\src\AOSP-openjdk-cygwin\jdk8u\hotspot\src\share\vm\classfile\systemDictionary.cpp, line 210]
Event: 23.602 Thread 0x7b180400 Exception <a 'java/lang/ClassNotFoundException': com/google/common/collect/ListsCustomizer> (0x52cd3110) thrown at [D:\src\AOSP-openjdk-cygwin\jdk8u\hotspot\src\share\vm\classfile\systemDictionary.cpp, line 210]
Event: 23.622 Thread 0x7b180400 Exception <a 'java/lang/ClassNotFoundException': org/gradle/api/internal/artifacts/ivyservice/ErrorHandlingConfigurationResolver$ErrorHandlingResolutionResultBeanInfo> (0x52d54378) thrown at [D:\src\AOSP-openjdk-cygwin\jdk8u\hotspot\src\share\vm\classfile
Event: 23.623 Thread 0x7b180400 Exception <a 'java/lang/ClassNotFoundException': org/gradle/api/internal/artifacts/ivyservice/ErrorHandlingConfigurationResolver$ErrorHandlingResolutionResultCustomizer> (0x52d8be70) thrown at [D:\src\AOSP-openjdk-cygwin\jdk8u\hotspot\src\share\vm\classfi
Event: 23.637 Thread 0x7b180400 Exception <a 'java/lang/ClassNotFoundException': org/gradle/api/internal/artifacts/result/DefaultResolvedComponentResultBeanInfo> (0x52e91410) thrown at [D:\src\AOSP-openjdk-cygwin\jdk8u\hotspot\src\share\vm\classfile\systemDictionary.cpp, line 210]
Event: 23.638 Thread 0x7b180400 Exception <a 'java/lang/ClassNotFoundException': org/gradle/api/internal/artifacts/result/DefaultResolvedComponentResultCustomizer> (0x52ebaad0) thrown at [D:\src\AOSP-openjdk-cygwin\jdk8u\hotspot\src\share\vm\classfile\systemDictionary.cpp, line 210]

Events (10 events):
Event: 23.637 loading class org/gradle/api/internal/artifacts/result/DefaultResolvedComponentResultBeanInfo
Event: 23.637 loading class org/gradle/api/internal/artifacts/result/DefaultResolvedComponentResultBeanInfo done
Event: 23.638 loading class org/gradle/api/internal/artifacts/result/DefaultResolvedComponentResultCustomizer
Event: 23.638 loading class org/gradle/api/internal/artifacts/result/DefaultResolvedComponentResultCustomizer done
Event: 23.638 loading class org/gradle/api/internal/artifacts/result/DefaultResolvedComponentResultCustomizer
Event: 23.638 loading class org/gradle/api/internal/artifacts/result/DefaultResolvedComponentResultCustomizer done
Event: 23.638 loading class org/gradle/api/internal/artifacts/result/DefaultResolvedComponentResultCustomizer
Event: 23.638 loading class org/gradle/api/internal/artifacts/result/DefaultResolvedComponentResultCustomizer done
Event: 23.640 loading class org/jetbrains/plugins/gradle/tooling/util/DependencyResolverImpl$DependencyResultsTransformer$_transform_closure1
Event: 23.640 loading class org/jetbrains/plugins/gradle/tooling/util/DependencyResolverImpl$DependencyResultsTransformer$_transform_closure1 done


Dynamic libraries:
0x01180000 - 0x011ad000 	C:\Users\Ajay\Desktop\mystudio\android-studio\jre\bin\java.exe
0x77d00000 - 0x77e80000 	C:\Windows\SysWOW64\ntdll.dll
0x75990000 - 0x75aa0000 	C:\Windows\syswow64\kernel32.dll
0x77260000 - 0x772a6000 	C:\Windows\syswow64\KERNELBASE.dll
0x775f0000 - 0x77690000 	C:\Windows\syswow64\ADVAPI32.dll
0x75ad0000 - 0x75b7c000 	C:\Windows\syswow64\msvcrt.dll
0x776e0000 - 0x776f9000 	C:\Windows\SysWOW64\sechost.dll
0x75d20000 - 0x75e10000 	C:\Windows\syswow64\RPCRT4.dll
0x75860000 - 0x758c0000 	C:\Windows\syswow64\SspiCli.dll
0x75850000 - 0x7585c000 	C:\Windows\syswow64\CRYPTBASE.dll
0x76d20000 - 0x76e20000 	C:\Windows\syswow64\USER32.dll
0x76af0000 - 0x76b80000 	C:\Windows\syswow64\GDI32.dll
0x775e0000 - 0x775ea000 	C:\Windows\syswow64\LPK.dll
0x77700000 - 0x7779d000 	C:\Windows\syswow64\USP10.dll
0x73fa0000 - 0x7413e000 	C:\Windows\WinSxS\x86_microsoft.windows.common-controls_6595b64144ccf1df_6.0.7601.17514_none_41e6975e2bd6f2b2\COMCTL32.dll
0x76e50000 - 0x76ea7000 	C:\Windows\syswow64\SHLWAPI.dll
0x77200000 - 0x77260000 	C:\Windows\system32\IMM32.DLL
0x758c0000 - 0x7598c000 	C:\Windows\syswow64\MSCTF.dll
0x755a0000 - 0x7565f000 	C:\Users\Ajay\Desktop\mystudio\android-studio\jre\jre\bin\msvcr100.dll
0x73400000 - 0x739e1000 	C:\Users\Ajay\Desktop\mystudio\android-studio\jre\jre\bin\server\jvm.dll
0x75830000 - 0x75837000 	C:\Windows\system32\WSOCK32.dll
0x77690000 - 0x776c5000 	C:\Windows\syswow64\WS2_32.dll
0x776d0000 - 0x776d6000 	C:\Windows\syswow64\NSI.dll
0x757f0000 - 0x75822000 	C:\Windows\system32\WINMM.dll
0x73e80000 - 0x73e89000 	C:\Windows\system32\VERSION.dll
0x77cd0000 - 0x77cd5000 	C:\Windows\syswow64\PSAPI.DLL
0x757e0000 - 0x757ec000 	C:\Users\Ajay\Desktop\mystudio\android-studio\jre\jre\bin\verify.dll
0x757b0000 - 0x757d2000 	C:\Users\Ajay\Desktop\mystudio\android-studio\jre\jre\bin\java.dll
0x75790000 - 0x757a3000 	C:\Users\Ajay\Desktop\mystudio\android-studio\jre\jre\bin\zip.dll
0x75e10000 - 0x76a5a000 	C:\Windows\syswow64\SHELL32.dll
0x777a0000 - 0x778fc000 	C:\Windows\syswow64\ole32.dll
0x73e50000 - 0x73e5b000 	C:\Windows\system32\profapi.dll
0x75750000 - 0x75765000 	C:\Users\Ajay\Desktop\mystudio\android-studio\jre\jre\bin\net.dll
0x74340000 - 0x7437c000 	C:\Windows\system32\mswsock.dll
0x74330000 - 0x74336000 	C:\Windows\System32\wship6.dll
0x75420000 - 0x7542f000 	C:\Users\Ajay\Desktop\mystudio\android-studio\jre\jre\bin\nio.dll
0x73f60000 - 0x73f79000 	C:\Users\Ajay\.gradle\native\25\windows-i386\native-platform.dll
0x753f0000 - 0x753fa000 	C:\Users\Ajay\Desktop\mystudio\android-studio\jre\jre\bin\management.dll
0x75770000 - 0x75786000 	C:\Windows\system32\CRYPTSP.dll
0x75560000 - 0x7559b000 	C:\Windows\system32\rsaenh.dll
0x73e60000 - 0x73e77000 	C:\Windows\system32\USERENV.dll
0x75540000 - 0x7555c000 	C:\Windows\system32\IPHLPAPI.DLL
0x75530000 - 0x75537000 	C:\Windows\system32\WINNSI.DLL
0x75510000 - 0x75522000 	C:\Windows\system32\dhcpcsvc.DLL
0x75500000 - 0x7550d000 	C:\Windows\system32\dhcpcsvc6.DLL

VM Arguments:
jvm_args: -Xmx1536m -Dfile.encoding=windows-1252 -Duser.country=US -Duser.language=en -Duser.variant 
java_command: org.gradle.launcher.daemon.bootstrap.GradleDaemon 4.1
java_class_path (initial): C:\Users\Ajay\.gradle\wrapper\dists\gradle-4.1-all\bzyivzo6n839fup2jbap0tjew\gradle-4.1\lib\gradle-launcher-4.1.jar
Launcher Type: SUN_STANDARD

Environment Variables:
PATH=C:\Windows\system32;C:\Windows;C:\Windows\System32\Wbem;C:\Windows\System32\WindowsPowerShell\v1.0\
USERNAME=Ajay
OS=Windows_NT
PROCESSOR_IDENTIFIER=Intel64 Family 6 Model 42 Stepping 7, GenuineIntel



---------------  S Y S T E M  ---------------

OS: Windows 7 , 64 bit Build 7601 (6.1.7601.17514)

CPU:total 2 (initial active 2) (2 cores per cpu, 1 threads per core) family 6 model 42 stepping 7, cmov, cx8, fxsr, mmx, sse, sse2, sse3, ssse3, sse4.1, sse4.2, popcnt, clmul, tsc, tscinvbit

Memory: 4k page, physical 5140848k(2668924k free), swap 10279852k(7565984k free)

vm_info: OpenJDK Server VM (25.152-b01) for windows-x86 JRE (1.8.0_152-release-915-b01), built by "builder" with MS VC++ 10.0 (VS2010)

time: Wed Apr 18 20:33:34 2018
elapsed time: 23 seconds (0d 0h 0m 23s)

